0 info it worked if it ends with ok
1 verbose cli [ 'C:\\Program Files\\nodejs\\\\node.exe',
1 verbose cli   'C:\\Program Files\\nodejs\\node_modules\\npm\\bin\\npm-cli.js',
1 verbose cli   'install',
1 verbose cli   'ReactCSSTransitionGroup' ]
2 info using npm@2.7.4
3 info using node@v0.12.2
4 verbose node symlink C:\Program Files\nodejs\\node.exe
5 warn package.json ReactRouterDemo@1.0.0 No description
6 warn package.json ReactRouterDemo@1.0.0 No repository field.
7 warn package.json ReactRouterDemo@1.0.0 No README data
8 warn package.json events@1.0.2 events is also the name of a node core module.
9 silly cache add args [ 'ReactCSSTransitionGroup', null ]
10 verbose cache add spec ReactCSSTransitionGroup
11 silly cache add parsed spec { raw: 'ReactCSSTransitionGroup',
11 silly cache add   scope: null,
11 silly cache add   name: 'ReactCSSTransitionGroup',
11 silly cache add   rawSpec: '',
11 silly cache add   spec: '*',
11 silly cache add   type: 'range' }
12 verbose addNamed ReactCSSTransitionGroup@*
13 silly addNamed semver.valid null
14 silly addNamed semver.validRange *
15 silly addNameRange { name: 'ReactCSSTransitionGroup', range: '*', hasData: false }
16 silly mapToRegistry name ReactCSSTransitionGroup
17 silly mapToRegistry using default registry
18 silly mapToRegistry registry https://registry.npmjs.org/
19 silly mapToRegistry uri https://registry.npmjs.org/ReactCSSTransitionGroup
20 verbose addNameRange registry:https://registry.npmjs.org/ReactCSSTransitionGroup not in flight; fetching
21 verbose request uri https://registry.npmjs.org/ReactCSSTransitionGroup
22 verbose request no auth needed
23 info attempt registry request try #1 at 3:18:47 PM
24 verbose request id 1b44b4b315e64ab2
25 http request GET https://registry.npmjs.org/ReactCSSTransitionGroup
26 http 404 https://registry.npmjs.org/ReactCSSTransitionGroup
27 verbose headers { server: 'CouchDB/1.5.0 (Erlang OTP/R16B03)',
27 verbose headers   'content-type': 'application/json',
27 verbose headers   'cache-control': 'max-age=0',
27 verbose headers   'content-length': '51',
27 verbose headers   'accept-ranges': 'bytes',
27 verbose headers   date: 'Wed, 03 Jun 2015 09:48:48 GMT',
27 verbose headers   via: '1.1 varnish',
27 verbose headers   age: '0',
27 verbose headers   connection: 'keep-alive',
27 verbose headers   'x-served-by': 'cache-sin6922-SIN',
27 verbose headers   'x-cache': 'MISS',
27 verbose headers   'x-cache-hits': '0',
27 verbose headers   'x-timer': 'S1433324928.283551,VS0,VE216' }
28 silly get cb [ 404,
28 silly get   { server: 'CouchDB/1.5.0 (Erlang OTP/R16B03)',
28 silly get     'content-type': 'application/json',
28 silly get     'cache-control': 'max-age=0',
28 silly get     'content-length': '51',
28 silly get     'accept-ranges': 'bytes',
28 silly get     date: 'Wed, 03 Jun 2015 09:48:48 GMT',
28 silly get     via: '1.1 varnish',
28 silly get     age: '0',
28 silly get     connection: 'keep-alive',
28 silly get     'x-served-by': 'cache-sin6922-SIN',
28 silly get     'x-cache': 'MISS',
28 silly get     'x-cache-hits': '0',
28 silly get     'x-timer': 'S1433324928.283551,VS0,VE216' } ]
29 verbose stack Error: 404 Not Found: ReactCSSTransitionGroup
29 verbose stack     at CachingRegistryClient.<anonymous> (C:\Program Files\nodejs\node_modules\npm\node_modules\npm-registry-client\lib\request.js:245:14)
29 verbose stack     at Request._callback (C:\Program Files\nodejs\node_modules\npm\node_modules\npm-registry-client\lib\request.js:170:14)
29 verbose stack     at Request.self.callback (C:\Program Files\nodejs\node_modules\npm\node_modules\request\request.js:344:22)
29 verbose stack     at Request.emit (events.js:110:17)
29 verbose stack     at Request.<anonymous> (C:\Program Files\nodejs\node_modules\npm\node_modules\request\request.js:1239:14)
29 verbose stack     at Request.emit (events.js:129:20)
29 verbose stack     at IncomingMessage.<anonymous> (C:\Program Files\nodejs\node_modules\npm\node_modules\request\request.js:1187:12)
29 verbose stack     at IncomingMessage.emit (events.js:129:20)
29 verbose stack     at _stream_readable.js:908:16
29 verbose stack     at process._tickCallback (node.js:355:11)
30 verbose statusCode 404
31 verbose pkgid ReactCSSTransitionGroup
32 verbose cwd D:\Demo\ReactRouterDemo
33 error Windows_NT 6.1.7601
34 error argv "C:\\Program Files\\nodejs\\\\node.exe" "C:\\Program Files\\nodejs\\node_modules\\npm\\bin\\npm-cli.js" "install" "ReactCSSTransitionGroup"
35 error node v0.12.2
36 error npm  v2.7.4
37 error code E404
38 error 404 Not Found: ReactCSSTransitionGroup
38 error 404
38 error 404 'ReactCSSTransitionGroup' is not in the npm registry.
38 error 404 You should bug the author to publish it (or use the name yourself!)
38 error 404 It was specified as a dependency of 'ReactRouterDemo'
38 error 404
38 error 404 Note that you can also install from a
38 error 404 tarball, folder, http url, or git url.
39 verbose exit [ 1, true ]
